<?xml version="1.0" encoding="UTF-8"?>
<!-- Generated by org.testng.reporters.JUnitXMLReporter -->
<testsuite hostname="DESKTOP-R68JO9E" ignored="0" name="Test" tests="20" failures="2" timestamp="07 May 2018 15:41:14 GMT" time="404.18" errors="0">
  <testcase name="login" time="83.894" classname="test.ActitimeLogin"/>
  <testcase name="s" time="148.762" classname="test.Naukri"/>
  <testcase name="m" time="90.064" classname="test.Autosuggestion"/>
  <testcase name="m" time="203.983" classname="test.Yatra"/>
  <testcase name="create" time="64.459" classname="test.Actitimepopup">
    <failure type="org.openqa.selenium.WebDriverException" message="Failed to connect to binary FirefoxBinary(C:\Program Files (x86)\Mozilla Firefox\firefox.exe) on port 7062; process output follows: 
n&amp;quot;:&amp;quot;winreg-app-global&amp;quot;,&amp;quot;version&amp;quot;:&amp;quot;5.0.559.0&amp;quot;,&amp;quot;type&amp;quot;:&amp;quot;extension&amp;quot;,&amp;quot;internalName&amp;quot;:null,&amp;quot;updateURL&amp;quot;:null,&amp;quot;updateKey&amp;quot;:null,&amp;quot;optionsURL&amp;quot;:null,&amp;quot;optionsType&amp;quot;:null,&amp;quot;aboutURL&amp;quot;:null,&amp;quot;icons&amp;quot;:{},&amp;quot;iconURL&amp;quot;:&amp;quot;chrome://saff/content/siteadvisor.gif&amp;quot;,&amp;quot;icon64URL&amp;quot;:null,&amp;quot;defaultLocale&amp;quot;:{&amp;quot;name&amp;quot;:&amp;quot;McAfee WebAdvisor&amp;quot;,&amp;quot;description&amp;quot;:null,&amp;quot;creator&amp;quot;:&amp;quot;McAfee Inc.&amp;quot;,&amp;quot;homepageURL&amp;quot;:&amp;quot;http://www.siteadvisor.com/&amp;quot;},&amp;quot;visible&amp;quot;:true,&amp;quot;active&amp;quot;:false,&amp;quot;userDisabled&amp;quot;:true,&amp;quot;appDisabled&amp;quot;:false,&amp;quot;descriptor&amp;quot;:&amp;quot;C:\\Program Files (x86)\\McAfee\\SiteAdvisor\\saffplg.xpi&amp;quot;,&amp;quot;installDate&amp;quot;:1500594264000,&amp;quot;updateDate&amp;quot;:1500594264000,&amp;quot;applyBackgroundUpdates&amp;quot;:1,&amp;quot;bootstrap&amp;quot;:false,&amp;quot;skinnable&amp;quot;:false,&amp;quot;size&amp;quot;:307848,&amp;quot;sourceURI&amp;quot;:null,&amp;quot;releaseNotesURI&amp;quot;:null,&amp;quot;softDisabled&amp;quot;:false,&amp;quot;foreignInstall&amp;quot;:true,&amp;quot;hasBinaryComponents&amp;quot;:false,&amp;quot;strictCompatibility&amp;quot;:false,&amp;quot;locales&amp;quot;:[],&amp;quot;targetApplications&amp;quot;:[{&amp;quot;id&amp;quot;:&amp;quot;{ec8030f7-c20a-464f-9b0e-13a3a9e97384}&amp;quot;,&amp;quot;minVersion&amp;quot;:&amp;quot;26.0&amp;quot;,&amp;quot;maxVersion&amp;quot;:&amp;quot;51.*&amp;quot;}],&amp;quot;targetPlatforms&amp;quot;:[],&amp;quot;multiprocessCompatible&amp;quot;:false,&amp;quot;signedState&amp;quot;:2,&amp;quot;seen&amp;quot;:true}
1525707521346	DeferredSave.extensions.json	DEBUG	Save changes
1525707521346	addons.xpi	DEBUG	Updating database with changes to installed add-ons
1525707521347	addons.xpi-utils	DEBUG	Updating add-on states
1525707521353	addons.xpi-utils	DEBUG	Writing add-ons list
1525707521370	addons.xpi	DEBUG	Registering manifest for C:\Program Files (x86)\Mozilla Firefox\browser\features\e10srollout@mozilla.org.xpi
1525707521375	addons.xpi	DEBUG	Calling bootstrap method startup on e10srollout@mozilla.org version 1.0
1525707521376	addons.xpi	DEBUG	Registering manifest for C:\Program Files (x86)\Mozilla Firefox\browser\features\firefox@getpocket.com.xpi
1525707521378	addons.xpi	DEBUG	Calling bootstrap method startup on firefox@getpocket.com version 1.0
1525707521381	addons.xpi	DEBUG	Registering manifest for C:\Program Files (x86)\Mozilla Firefox\browser\features\loop@mozilla.org.xpi
1525707521384	addons.xpi	DEBUG	Calling bootstrap method startup on loop@mozilla.org version 1.2.6
1525707521622	addons.manager	DEBUG	Registering shutdown blocker for XPIProvider
1525707521624	addons.manager	DEBUG	Provider finished startup: XPIProvider
1525707521624	addons.manager	DEBUG	Starting provider: LightweightThemeManager
1525707521624	addons.manager	DEBUG	Registering shutdown blocker for LightweightThemeManager
1525707521625	addons.manager	DEBUG	Provider finished startup: LightweightThemeManager
1525707521627	addons.manager	DEBUG	Starting provider: GMPProvider
1525707521731	addons.manager	DEBUG	Registering shutdown blocker for GMPProvider
1525707521731	addons.manager	DEBUG	Provider finished startup: GMPProvider
1525707521732	addons.manager	DEBUG	Starting provider: PluginProvider
1525707521732	addons.manager	DEBUG	Registering shutdown blocker for PluginProvider
1525707521733	addons.manager	DEBUG	Provider finished startup: PluginProvider
1525707521733	addons.manager	DEBUG	Completed startup sequence
1525707534728	addons.manager	DEBUG	Starting provider: &amp;lt;unnamed-provider&amp;gt;
1525707534728	addons.manager	DEBUG	Registering shutdown blocker for &amp;lt;unnamed-provider&amp;gt;
1525707534729	addons.manager	DEBUG	Provider finished startup: &amp;lt;unnamed-provider&amp;gt;
1525707547145	DeferredSave.extensions.json	DEBUG	Write succeeded
1525707547145	addons.xpi-utils	DEBUG	XPI Database saved, setting schema version preference to 17
1525707547146	DeferredSave.extensions.json	DEBUG	Starting timer
1525707547176	DeferredSave.extensions.json	DEBUG	Starting write
1525707547267	addons.repository	DEBUG	No addons.json found.
1525707547270	DeferredSave.addons.json	DEBUG	Save changes
1525707547279	DeferredSave.addons.json	DEBUG	Starting timer
1525707547848	addons.manager	DEBUG	Starting provider: PreviousExperimentProvider
1525707547849	addons.manager	DEBUG	Registering shutdown blocker for PreviousExperimentProvider
1525707547852	addons.manager	DEBUG	Provider finished startup: PreviousExperimentProvider
1525707547888	DeferredSave.addons.json	DEBUG	Starting write
1525707548036	DeferredSave.extensions.json	DEBUG	Write succeeded
1525707548305	DeferredSave.addons.json	DEBUG	Write succeeded

Build info: version: &amp;apos;2.52.0&amp;apos;, revision: &amp;apos;4c2593c&amp;apos;, time: &amp;apos;2016-02-11 19:06:42&amp;apos;
System info: host: &amp;apos;DESKTOP-R68JO9E&amp;apos;, ip: &amp;apos;192.168.137.218&amp;apos;, os.name: &amp;apos;Windows 10&amp;apos;, os.arch: &amp;apos;amd64&amp;apos;, os.version: &amp;apos;10.0&amp;apos;, java.version: &amp;apos;1.8.0_131&amp;apos;
Driver info: driver.version: FirefoxDriver">
      <![CDATA[org.openqa.selenium.WebDriverException: Failed to connect to binary FirefoxBinary(C:\Program Files (x86)\Mozilla Firefox\firefox.exe) on port 7062; process output follows: 
n":"winreg-app-global","version":"5.0.559.0","type":"extension","internalName":null,"updateURL":null,"updateKey":null,"optionsURL":null,"optionsType":null,"aboutURL":null,"icons":{},"iconURL":"chrome://saff/content/siteadvisor.gif","icon64URL":null,"defaultLocale":{"name":"McAfee WebAdvisor","description":null,"creator":"McAfee Inc.","homepageURL":"http://www.siteadvisor.com/"},"visible":true,"active":false,"userDisabled":true,"appDisabled":false,"descriptor":"C:\\Program Files (x86)\\McAfee\\SiteAdvisor\\saffplg.xpi","installDate":1500594264000,"updateDate":1500594264000,"applyBackgroundUpdates":1,"bootstrap":false,"skinnable":false,"size":307848,"sourceURI":null,"releaseNotesURI":null,"softDisabled":false,"foreignInstall":true,"hasBinaryComponents":false,"strictCompatibility":false,"locales":[],"targetApplications":[{"id":"{ec8030f7-c20a-464f-9b0e-13a3a9e97384}","minVersion":"26.0","maxVersion":"51.*"}],"targetPlatforms":[],"multiprocessCompatible":false,"signedState":2,"seen":true}
1525707521346DeferredSave.extensions.jsonDEBUGSave changes
1525707521346addons.xpiDEBUGUpdating database with changes to installed add-ons
1525707521347addons.xpi-utilsDEBUGUpdating add-on states
1525707521353addons.xpi-utilsDEBUGWriting add-ons list
1525707521370addons.xpiDEBUGRegistering manifest for C:\Program Files (x86)\Mozilla Firefox\browser\features\e10srollout@mozilla.org.xpi
1525707521375addons.xpiDEBUGCalling bootstrap method startup on e10srollout@mozilla.org version 1.0
1525707521376addons.xpiDEBUGRegistering manifest for C:\Program Files (x86)\Mozilla Firefox\browser\features\firefox@getpocket.com.xpi
1525707521378addons.xpiDEBUGCalling bootstrap method startup on firefox@getpocket.com version 1.0
1525707521381addons.xpiDEBUGRegistering manifest for C:\Program Files (x86)\Mozilla Firefox\browser\features\loop@mozilla.org.xpi
1525707521384addons.xpiDEBUGCalling bootstrap method startup on loop@mozilla.org version 1.2.6
1525707521622addons.managerDEBUGRegistering shutdown blocker for XPIProvider
1525707521624addons.managerDEBUGProvider finished startup: XPIProvider
1525707521624addons.managerDEBUGStarting provider: LightweightThemeManager
1525707521624addons.managerDEBUGRegistering shutdown blocker for LightweightThemeManager
1525707521625addons.managerDEBUGProvider finished startup: LightweightThemeManager
1525707521627addons.managerDEBUGStarting provider: GMPProvider
1525707521731addons.managerDEBUGRegistering shutdown blocker for GMPProvider
1525707521731addons.managerDEBUGProvider finished startup: GMPProvider
1525707521732addons.managerDEBUGStarting provider: PluginProvider
1525707521732addons.managerDEBUGRegistering shutdown blocker for PluginProvider
1525707521733addons.managerDEBUGProvider finished startup: PluginProvider
1525707521733addons.managerDEBUGCompleted startup sequence
1525707534728addons.managerDEBUGStarting provider: <unnamed-provider>
1525707534728addons.managerDEBUGRegistering shutdown blocker for <unnamed-provider>
1525707534729addons.managerDEBUGProvider finished startup: <unnamed-provider>
1525707547145DeferredSave.extensions.jsonDEBUGWrite succeeded
1525707547145addons.xpi-utilsDEBUGXPI Database saved, setting schema version preference to 17
1525707547146DeferredSave.extensions.jsonDEBUGStarting timer
1525707547176DeferredSave.extensions.jsonDEBUGStarting write
1525707547267addons.repositoryDEBUGNo addons.json found.
1525707547270DeferredSave.addons.jsonDEBUGSave changes
1525707547279DeferredSave.addons.jsonDEBUGStarting timer
1525707547848addons.managerDEBUGStarting provider: PreviousExperimentProvider
1525707547849addons.managerDEBUGRegistering shutdown blocker for PreviousExperimentProvider
1525707547852addons.managerDEBUGProvider finished startup: PreviousExperimentProvider
1525707547888DeferredSave.addons.jsonDEBUGStarting write
1525707548036DeferredSave.extensions.jsonDEBUGWrite succeeded
1525707548305DeferredSave.addons.jsonDEBUGWrite succeeded

Build info: version: '2.52.0', revision: '4c2593c', time: '2016-02-11 19:06:42'
System info: host: 'DESKTOP-R68JO9E', ip: '192.168.137.218', os.name: 'Windows 10', os.arch: 'amd64', os.version: '10.0', java.version: '1.8.0_131'
Driver info: driver.version: FirefoxDriver
at org.openqa.selenium.firefox.internal.NewProfileExtensionConnection.start(NewProfileExtensionConnection.java:124)
at org.openqa.selenium.firefox.FirefoxDriver.startClient(FirefoxDriver.java:271)
at org.openqa.selenium.remote.RemoteWebDriver.<init>(RemoteWebDriver.java:119)
at org.openqa.selenium.firefox.FirefoxDriver.<init>(FirefoxDriver.java:218)
at org.openqa.selenium.firefox.FirefoxDriver.<init>(FirefoxDriver.java:211)
at org.openqa.selenium.firefox.FirefoxDriver.<init>(FirefoxDriver.java:207)
at org.openqa.selenium.firefox.FirefoxDriver.<init>(FirefoxDriver.java:120)
at test.Actitimepopup.create(Actitimepopup.java:17)
at java.util.concurrent.ThreadPoolExecutor.runWorker(Unknown Source)
at java.util.concurrent.ThreadPoolExecutor$Worker.run(Unknown Source)
at java.lang.Thread.run(Unknown Source)
Caused by: org.openqa.selenium.firefox.NotConnectedException: Unable to connect to host 127.0.0.1 on port 7062 after 45000 ms. Firefox console output:
n":"winreg-app-global","version":"5.0.559.0","type":"extension","internalName":null,"updateURL":null,"updateKey":null,"optionsURL":null,"optionsType":null,"aboutURL":null,"icons":{},"iconURL":"chrome://saff/content/siteadvisor.gif","icon64URL":null,"defaultLocale":{"name":"McAfee WebAdvisor","description":null,"creator":"McAfee Inc.","homepageURL":"http://www.siteadvisor.com/"},"visible":true,"active":false,"userDisabled":true,"appDisabled":false,"descriptor":"C:\\Program Files (x86)\\McAfee\\SiteAdvisor\\saffplg.xpi","installDate":1500594264000,"updateDate":1500594264000,"applyBackgroundUpdates":1,"bootstrap":false,"skinnable":false,"size":307848,"sourceURI":null,"releaseNotesURI":null,"softDisabled":false,"foreignInstall":true,"hasBinaryComponents":false,"strictCompatibility":false,"locales":[],"targetApplications":[{"id":"{ec8030f7-c20a-464f-9b0e-13a3a9e97384}","minVersion":"26.0","maxVersion":"51.*"}],"targetPlatforms":[],"multiprocessCompatible":false,"signedState":2,"seen":true}
1525707521346DeferredSave.extensions.jsonDEBUGSave changes
1525707521346addons.xpiDEBUGUpdating database with changes to installed add-ons
1525707521347addons.xpi-utilsDEBUGUpdating add-on states
1525707521353addons.xpi-utilsDEBUGWriting add-ons list
1525707521370addons.xpiDEBUGRegistering manifest for C:\Program Files (x86)\Mozilla Firefox\browser\features\e10srollout@mozilla.org.xpi
1525707521375addons.xpiDEBUGCalling bootstrap method startup on e10srollout@mozilla.org version 1.0
1525707521376addons.xpiDEBUGRegistering manifest for C:\Program Files (x86)\Mozilla Firefox\browser\features\firefox@getpocket.com.xpi
1525707521378addons.xpiDEBUGCalling bootstrap method startup on firefox@getpocket.com version 1.0
1525707521381addons.xpiDEBUGRegistering manifest for C:\Program Files (x86)\Mozilla Firefox\browser\features\loop@mozilla.org.xpi
1525707521384addons.xpiDEBUGCalling bootstrap method startup on loop@mozilla.org version 1.2.6
1525707521622addons.managerDEBUGRegistering shutdown blocker for XPIProvider
1525707521624addons.managerDEBUGProvider finished startup: XPIProvider
1525707521624addons.managerDEBUGStarting provider: LightweightThemeManager
1525707521624addons.managerDEBUGRegistering shutdown blocker for LightweightThemeManager
1525707521625addons.managerDEBUGProvider finished startup: LightweightThemeManager
1525707521627addons.managerDEBUGStarting provider: GMPProvider
1525707521731addons.managerDEBUGRegistering shutdown blocker for GMPProvider
1525707521731addons.managerDEBUGProvider finished startup: GMPProvider
1525707521732addons.managerDEBUGStarting provider: PluginProvider
1525707521732addons.managerDEBUGRegistering shutdown blocker for PluginProvider
1525707521733addons.managerDEBUGProvider finished startup: PluginProvider
1525707521733addons.managerDEBUGCompleted startup sequence
1525707534728addons.managerDEBUGStarting provider: <unnamed-provider>
1525707534728addons.managerDEBUGRegistering shutdown blocker for <unnamed-provider>
1525707534729addons.managerDEBUGProvider finished startup: <unnamed-provider>
1525707547145DeferredSave.extensions.jsonDEBUGWrite succeeded
1525707547145addons.xpi-utilsDEBUGXPI Database saved, setting schema version preference to 17
1525707547146DeferredSave.extensions.jsonDEBUGStarting timer
1525707547176DeferredSave.extensions.jsonDEBUGStarting write
1525707547267addons.repositoryDEBUGNo addons.json found.
1525707547270DeferredSave.addons.jsonDEBUGSave changes
1525707547279DeferredSave.addons.jsonDEBUGStarting timer
1525707547848addons.managerDEBUGStarting provider: PreviousExperimentProvider
1525707547849addons.managerDEBUGRegistering shutdown blocker for PreviousExperimentProvider
1525707547852addons.managerDEBUGProvider finished startup: PreviousExperimentProvider
1525707547888DeferredSave.addons.jsonDEBUGStarting write
1525707548036DeferredSave.extensions.jsonDEBUGWrite succeeded
1525707548305DeferredSave.addons.jsonDEBUGWrite succeeded

at org.openqa.selenium.firefox.internal.NewProfileExtensionConnection.start(NewProfileExtensionConnection.java:112)
... 20 more
... Removed 10 stack frames]]>
    </failure>
  </testcase> <!-- create -->
  <testcase name="G" time="315.654" classname="test.Gmail">
    <failure type="org.openqa.selenium.NoSuchElementException" message="Unable to locate element: {&amp;quot;method&amp;quot;:&amp;quot;xpath&amp;quot;,&amp;quot;selector&amp;quot;:&amp;quot;//textarea[@name=&amp;apos;to&amp;apos;]&amp;quot;}
Command duration or timeout: 28.28 seconds
For documentation on this error, please visit: http://seleniumhq.org/exceptions/no_such_element.html
Build info: version: &amp;apos;2.52.0&amp;apos;, revision: &amp;apos;4c2593c&amp;apos;, time: &amp;apos;2016-02-11 19:06:42&amp;apos;
System info: host: &amp;apos;DESKTOP-R68JO9E&amp;apos;, ip: &amp;apos;192.168.137.218&amp;apos;, os.name: &amp;apos;Windows 10&amp;apos;, os.arch: &amp;apos;amd64&amp;apos;, os.version: &amp;apos;10.0&amp;apos;, java.version: &amp;apos;1.8.0_131&amp;apos;
Driver info: org.openqa.selenium.firefox.FirefoxDriver
Capabilities [{applicationCacheEnabled=true, rotatable=false, handlesAlerts=true, databaseEnabled=true, version=46.0, platform=WINDOWS, nativeEvents=false, acceptSslCerts=true, webStorageEnabled=true, locationContextEnabled=true, browserName=firefox, takesScreenshot=true, javascriptEnabled=true, cssSelectorsEnabled=true}]
Session ID: 6279b568-ce5b-4aff-a6a2-37a93382f83f
*** Element info: {Using=xpath, value=//textarea[@name=&amp;apos;to&amp;apos;]}">
      <![CDATA[org.openqa.selenium.NoSuchElementException: Unable to locate element: {"method":"xpath","selector":"//textarea[@name='to']"}
Command duration or timeout: 28.28 seconds
For documentation on this error, please visit: http://seleniumhq.org/exceptions/no_such_element.html
Build info: version: '2.52.0', revision: '4c2593c', time: '2016-02-11 19:06:42'
System info: host: 'DESKTOP-R68JO9E', ip: '192.168.137.218', os.name: 'Windows 10', os.arch: 'amd64', os.version: '10.0', java.version: '1.8.0_131'
Driver info: org.openqa.selenium.firefox.FirefoxDriver
Capabilities [{applicationCacheEnabled=true, rotatable=false, handlesAlerts=true, databaseEnabled=true, version=46.0, platform=WINDOWS, nativeEvents=false, acceptSslCerts=true, webStorageEnabled=true, locationContextEnabled=true, browserName=firefox, takesScreenshot=true, javascriptEnabled=true, cssSelectorsEnabled=true}]
Session ID: 6279b568-ce5b-4aff-a6a2-37a93382f83f
*** Element info: {Using=xpath, value=//textarea[@name='to']}
at org.openqa.selenium.remote.ErrorHandler.createThrowable(ErrorHandler.java:206)
at org.openqa.selenium.remote.ErrorHandler.throwIfResponseFailed(ErrorHandler.java:158)
at org.openqa.selenium.remote.RemoteWebDriver.execute(RemoteWebDriver.java:678)
at org.openqa.selenium.remote.RemoteWebDriver.findElement(RemoteWebDriver.java:363)
at org.openqa.selenium.remote.RemoteWebDriver.findElementByXPath(RemoteWebDriver.java:500)
at org.openqa.selenium.By$ByXPath.findElement(By.java:361)
at org.openqa.selenium.remote.RemoteWebDriver.findElement(RemoteWebDriver.java:355)
at org.openqa.selenium.support.pagefactory.DefaultElementLocator.findElement(DefaultElementLocator.java:69)
at org.openqa.selenium.support.pagefactory.internal.LocatingElementHandler.invoke(LocatingElementHandler.java:38)
at com.sun.proxy.$Proxy5.sendKeys(Unknown Source)
at pom.Gmail.compose(Gmail.java:63)
at test.Gmail.G(Gmail.java:21)
at java.util.concurrent.ThreadPoolExecutor.runWorker(Unknown Source)
at java.util.concurrent.ThreadPoolExecutor$Worker.run(Unknown Source)
at java.lang.Thread.run(Unknown Source)
Caused by: org.openqa.selenium.NoSuchElementException: Unable to locate element: {"method":"xpath","selector":"//textarea[@name='to']"}
For documentation on this error, please visit: http://seleniumhq.org/exceptions/no_such_element.html
Build info: version: '2.52.0', revision: '4c2593c', time: '2016-02-11 19:06:42'
System info: host: 'DESKTOP-R68JO9E', ip: '192.168.137.218', os.name: 'Windows 10', os.arch: 'amd64', os.version: '10.0', java.version: '1.8.0_131'
Driver info: driver.version: unknown
at <anonymous class>.FirefoxDriver.prototype.findElementInternal_(file:///C:/Users/Pavilion/AppData/Local/Temp/anonymous2322502198017247817webdriver-profile/extensions/fxdriver@googlecode.com/components/driver-component.js:10723)
at <anonymous class>.fxdriver.Timer.prototype.setTimeout/<.notify(file:///C:/Users/Pavilion/AppData/Local/Temp/anonymous2322502198017247817webdriver-profile/extensions/fxdriver@googlecode.com/components/driver-component.js:623)
... Removed 14 stack frames]]>
    </failure>
  </testcase> <!-- G -->
  <testcase name="g" time="375.304" classname="test.GmailCheckbox"/>
  <testcase name="g" time="403.672" classname="test.Flipkart"/>
  <testcase name="m" time="0.007" classname="test.InvocationCount"/>
  <testcase name="m" time="0.01" classname="test.InvocationCount"/>
  <testcase name="m" time="0.004" classname="test.Priority"/>
  <testcase name="v" time="0.006" classname="test.InvocationCount"/>
  <testcase name="v" time="0.006" classname="test.InvocationCount"/>
  <testcase name="v" time="0.04" classname="test.Priority"/>
  <testcase name="v" time="0.01" classname="test.InvocationCount"/>
  <testcase name="v" time="0.018" classname="test.InvocationCount"/>
  <testcase name="a" time="0.004" classname="test.Priority"/>
  <testcase name="a" time="0.003" classname="test.InvocationCount"/>
  <testcase name="a" time="0.002" classname="test.InvocationCount"/>
  <testcase name="a" time="0.005" classname="test.InvocationCount"/>
</testsuite> <!-- Test -->
