<?xml version="1.0" encoding="UTF-8"?>
<testng-results skipped="0" failed="0" ignored="0" total="1" passed="1">
  <reporter-output>
  </reporter-output>
  <suite name="Default suite" duration-ms="34146" started-at="2018-07-13T06:51:54Z" finished-at="2018-07-13T06:52:28Z">
    <groups>
    </groups>
    <test name="Default test" duration-ms="34146" started-at="2018-07-13T06:51:54Z" finished-at="2018-07-13T06:52:28Z">
      <class name="test.ActitimeLogin">
        <test-method status="PASS" signature="m()[pri:0, instance:test.ActitimeLogin@3043fe0e]" name="m" is-config="true" duration-ms="25031" started-at="2018-07-13T06:51:54Z" finished-at="2018-07-13T06:52:19Z">
          <reporter-output>
          </reporter-output>
        </test-method> <!-- m -->
        <test-method status="PASS" signature="login()[pri:0, instance:test.ActitimeLogin@3043fe0e]" name="login" duration-ms="6101" started-at="2018-07-13T06:52:19Z" finished-at="2018-07-13T06:52:26Z">
          <reporter-output>
          </reporter-output>
        </test-method> <!-- login -->
        <test-method status="PASS" signature="n()[pri:0, instance:test.ActitimeLogin@3043fe0e]" name="n" is-config="true" duration-ms="2871" started-at="2018-07-13T06:52:26Z" finished-at="2018-07-13T06:52:28Z">
          <reporter-output>
          </reporter-output>
        </test-method> <!-- n -->
      </class> <!-- test.ActitimeLogin -->
    </test> <!-- Default test -->
  </suite> <!-- Default suite -->
</testng-results>
